2025/01/06 20:28:36 [notice] 1#1: using the "epoll" event method
2025/01/06 20:28:36 [notice] 1#1: nginx/1.27.3
2025/01/06 20:28:36 [notice] 1#1: built by gcc 13.2.1 20240309 (Alpine 13.2.1_git20240309) 
2025/01/06 20:28:36 [notice] 1#1: OS: Linux 5.15.167.4-microsoft-standard-WSL2
2025/01/06 20:28:36 [notice] 1#1: getrlimit(RLIMIT_NOFILE): 1048576:1048576
2025/01/06 20:28:36 [notice] 1#1: start worker processes
2025/01/06 20:28:36 [notice] 1#1: start worker process 36
2025/01/06 20:28:36 [notice] 1#1: start worker process 37
2025/01/06 20:28:36 [notice] 1#1: start worker process 38
2025/01/06 20:28:36 [notice] 1#1: start worker process 39
2025/01/06 20:28:36 [notice] 1#1: start worker process 40
2025/01/06 20:28:36 [notice] 1#1: start worker process 41
2025/01/06 20:28:36 [notice] 1#1: start worker process 42
2025/01/06 20:28:36 [notice] 1#1: start worker process 43
2025/01/06 20:33:14 [notice] 1#1: signal 3 (SIGQUIT) received, shutting down
2025/01/06 20:33:14 [notice] 36#36: gracefully shutting down
2025/01/06 20:33:14 [notice] 40#40: gracefully shutting down
2025/01/06 20:33:14 [notice] 37#37: gracefully shutting down
2025/01/06 20:33:14 [notice] 39#39: gracefully shutting down
2025/01/06 20:33:14 [notice] 43#43: gracefully shutting down
2025/01/06 20:33:14 [notice] 36#36: exiting
2025/01/06 20:33:14 [notice] 42#42: gracefully shutting down
2025/01/06 20:33:14 [notice] 42#42: exiting
2025/01/06 20:33:14 [notice] 40#40: exiting
2025/01/06 20:33:14 [notice] 38#38: gracefully shutting down
2025/01/06 20:33:14 [notice] 41#41: gracefully shutting down
2025/01/06 20:33:14 [notice] 37#37: exiting
2025/01/06 20:33:14 [notice] 39#39: exiting
2025/01/06 20:33:14 [notice] 40#40: exit
2025/01/06 20:33:14 [notice] 43#43: exiting
2025/01/06 20:33:14 [notice] 36#36: exit
2025/01/06 20:33:14 [notice] 42#42: exit
2025/01/06 20:33:14 [notice] 38#38: exiting
2025/01/06 20:33:14 [notice] 41#41: exiting
2025/01/06 20:33:14 [notice] 37#37: exit
2025/01/06 20:33:14 [notice] 39#39: exit
2025/01/06 20:33:14 [notice] 43#43: exit
2025/01/06 20:33:14 [notice] 38#38: exit
2025/01/06 20:33:14 [notice] 41#41: exit
2025/01/06 20:33:14 [notice] 1#1: signal 17 (SIGCHLD) received from 40
2025/01/06 20:33:14 [notice] 1#1: worker process 40 exited with code 0
2025/01/06 20:33:14 [notice] 1#1: signal 29 (SIGIO) received
2025/01/06 20:33:35 [notice] 1#1: using the "epoll" event method
2025/01/06 20:33:35 [notice] 1#1: nginx/1.27.3
2025/01/06 20:33:35 [notice] 1#1: built by gcc 13.2.1 20240309 (Alpine 13.2.1_git20240309) 
2025/01/06 20:33:35 [notice] 1#1: OS: Linux 5.15.167.4-microsoft-standard-WSL2
2025/01/06 20:33:35 [notice] 1#1: getrlimit(RLIMIT_NOFILE): 1048576:1048576
2025/01/06 20:33:35 [notice] 1#1: start worker processes
2025/01/06 20:33:35 [notice] 1#1: start worker process 35
2025/01/06 20:33:35 [notice] 1#1: start worker process 36
2025/01/06 20:33:35 [notice] 1#1: start worker process 37
2025/01/06 20:33:35 [notice] 1#1: start worker process 38
2025/01/06 20:33:35 [notice] 1#1: start worker process 39
2025/01/06 20:33:35 [notice] 1#1: start worker process 40
2025/01/06 20:33:35 [notice] 1#1: start worker process 41
2025/01/06 20:33:35 [notice] 1#1: start worker process 42
2025/01/06 20:37:37 [notice] 1#1: signal 3 (SIGQUIT) received, shutting down
2025/01/06 20:37:37 [notice] 36#36: gracefully shutting down
2025/01/06 20:37:37 [notice] 37#37: gracefully shutting down
2025/01/06 20:37:37 [notice] 38#38: gracefully shutting down
2025/01/06 20:37:37 [notice] 35#35: gracefully shutting down
2025/01/06 20:37:37 [notice] 40#40: gracefully shutting down
2025/01/06 20:37:37 [notice] 39#39: gracefully shutting down
2025/01/06 20:37:37 [notice] 36#36: exiting
2025/01/06 20:37:37 [notice] 39#39: exiting
2025/01/06 20:37:37 [notice] 41#41: gracefully shutting down
2025/01/06 20:37:37 [notice] 42#42: gracefully shutting down
2025/01/06 20:37:37 [notice] 37#37: exiting
2025/01/06 20:37:37 [notice] 38#38: exiting
2025/01/06 20:37:37 [notice] 35#35: exiting
2025/01/06 20:37:37 [notice] 40#40: exiting
2025/01/06 20:37:37 [notice] 36#36: exit
2025/01/06 20:37:37 [notice] 39#39: exit
2025/01/06 20:37:37 [notice] 41#41: exiting
2025/01/06 20:37:37 [notice] 42#42: exiting
2025/01/06 20:37:37 [notice] 41#41: exit
2025/01/06 20:37:37 [notice] 37#37: exit
2025/01/06 20:37:37 [notice] 38#38: exit
2025/01/06 20:37:37 [notice] 35#35: exit
2025/01/06 20:37:37 [notice] 40#40: exit
2025/01/06 20:37:37 [notice] 42#42: exit
2025/01/06 20:37:37 [notice] 1#1: signal 17 (SIGCHLD) received from 41
2025/01/06 20:37:37 [notice] 1#1: worker process 36 exited with code 0
2025/01/06 20:37:37 [notice] 1#1: worker process 38 exited with code 0
2025/01/06 20:37:37 [notice] 1#1: worker process 35 exited with code 0
2025/01/06 20:37:37 [notice] 1#1: worker process 39 exited with code 0
2025/01/06 20:37:37 [notice] 1#1: worker process 41 exited with code 0
2025/01/06 20:37:37 [notice] 1#1: worker process 42 exited with code 0
2025/01/06 20:37:37 [notice] 1#1: signal 29 (SIGIO) received
2025/01/06 20:37:45 [notice] 1#1: using the "epoll" event method
2025/01/06 20:37:45 [notice] 1#1: nginx/1.27.3
2025/01/06 20:37:45 [notice] 1#1: built by gcc 13.2.1 20240309 (Alpine 13.2.1_git20240309) 
2025/01/06 20:37:45 [notice] 1#1: OS: Linux 5.15.167.4-microsoft-standard-WSL2
2025/01/06 20:37:45 [notice] 1#1: getrlimit(RLIMIT_NOFILE): 1048576:1048576
2025/01/06 20:37:45 [notice] 1#1: start worker processes
2025/01/06 20:37:45 [notice] 1#1: start worker process 35
2025/01/06 20:37:45 [notice] 1#1: start worker process 36
2025/01/06 20:37:45 [notice] 1#1: start worker process 37
2025/01/06 20:37:45 [notice] 1#1: start worker process 38
2025/01/06 20:37:45 [notice] 1#1: start worker process 39
2025/01/06 20:37:45 [notice] 1#1: start worker process 40
2025/01/06 20:37:45 [notice] 1#1: start worker process 41
2025/01/06 20:37:45 [notice] 1#1: start worker process 42
2025/01/06 20:37:51 [notice] 1#1: signal 3 (SIGQUIT) received, shutting down
2025/01/06 20:37:51 [notice] 35#35: gracefully shutting down
2025/01/06 20:37:51 [notice] 42#42: gracefully shutting down
2025/01/06 20:37:51 [notice] 37#37: gracefully shutting down
2025/01/06 20:37:51 [notice] 36#36: gracefully shutting down
2025/01/06 20:37:51 [notice] 38#38: gracefully shutting down
2025/01/06 20:37:51 [notice] 39#39: gracefully shutting down
2025/01/06 20:37:51 [notice] 41#41: gracefully shutting down
2025/01/06 20:37:51 [notice] 40#40: gracefully shutting down
2025/01/06 20:37:51 [notice] 35#35: exiting
2025/01/06 20:37:51 [notice] 42#42: exiting
2025/01/06 20:37:51 [notice] 37#37: exiting
2025/01/06 20:37:51 [notice] 36#36: exiting
2025/01/06 20:37:51 [notice] 38#38: exiting
2025/01/06 20:37:51 [notice] 39#39: exiting
2025/01/06 20:37:51 [notice] 41#41: exiting
2025/01/06 20:37:51 [notice] 40#40: exiting
2025/01/06 20:37:51 [notice] 35#35: exit
2025/01/06 20:37:51 [notice] 42#42: exit
2025/01/06 20:37:51 [notice] 37#37: exit
2025/01/06 20:37:51 [notice] 36#36: exit
2025/01/06 20:37:51 [notice] 38#38: exit
2025/01/06 20:37:51 [notice] 39#39: exit
2025/01/06 20:37:51 [notice] 41#41: exit
2025/01/06 20:37:51 [notice] 40#40: exit
2025/01/06 20:37:51 [notice] 1#1: signal 17 (SIGCHLD) received from 40
2025/01/06 20:37:51 [notice] 1#1: worker process 40 exited with code 0
2025/01/06 20:37:51 [notice] 1#1: signal 29 (SIGIO) received
2025/01/06 20:37:51 [notice] 1#1: signal 17 (SIGCHLD) received from 42
2025/01/06 20:37:51 [notice] 1#1: worker process 35 exited with code 0
2025/01/06 20:37:51 [notice] 1#1: worker process 36 exited with code 0
2025/01/06 20:37:51 [notice] 1#1: worker process 37 exited with code 0
2025/01/06 20:37:51 [notice] 1#1: worker process 38 exited with code 0
2025/01/06 20:37:51 [notice] 1#1: worker process 39 exited with code 0
2025/01/06 20:37:51 [notice] 1#1: worker process 41 exited with code 0
2025/01/06 20:37:51 [notice] 1#1: worker process 42 exited with code 0
2025/01/06 20:37:51 [notice] 1#1: exit
2025/01/06 20:39:19 [notice] 1#1: using the "epoll" event method
2025/01/06 20:39:19 [notice] 1#1: nginx/1.27.3
2025/01/06 20:39:19 [notice] 1#1: built by gcc 13.2.1 20240309 (Alpine 13.2.1_git20240309) 
2025/01/06 20:39:19 [notice] 1#1: OS: Linux 5.15.167.4-microsoft-standard-WSL2
2025/01/06 20:39:19 [notice] 1#1: getrlimit(RLIMIT_NOFILE): 1048576:1048576
2025/01/06 20:39:19 [notice] 1#1: start worker processes
2025/01/06 20:39:19 [notice] 1#1: start worker process 36
2025/01/06 20:39:19 [notice] 1#1: start worker process 37
2025/01/06 20:39:19 [notice] 1#1: start worker process 38
2025/01/06 20:39:19 [notice] 1#1: start worker process 39
2025/01/06 20:39:19 [notice] 1#1: start worker process 40
2025/01/06 20:39:19 [notice] 1#1: start worker process 41
2025/01/06 20:39:19 [notice] 1#1: start worker process 42
2025/01/06 20:39:19 [notice] 1#1: start worker process 43
2025/01/06 20:45:09 [notice] 1#1: signal 3 (SIGQUIT) received, shutting down
2025/01/06 20:45:09 [notice] 38#38: gracefully shutting down
2025/01/06 20:45:09 [notice] 39#39: gracefully shutting down
2025/01/06 20:45:09 [notice] 36#36: gracefully shutting down
2025/01/06 20:45:09 [notice] 37#37: gracefully shutting down
2025/01/06 20:45:09 [notice] 37#37: exiting
2025/01/06 20:45:09 [notice] 40#40: gracefully shutting down
2025/01/06 20:45:09 [notice] 41#41: gracefully shutting down
2025/01/06 20:45:09 [notice] 42#42: gracefully shutting down
2025/01/06 20:45:09 [notice] 42#42: exiting
2025/01/06 20:45:09 [notice] 38#38: exiting
2025/01/06 20:45:09 [notice] 43#43: gracefully shutting down
2025/01/06 20:45:09 [notice] 39#39: exiting
2025/01/06 20:45:09 [notice] 36#36: exiting
2025/01/06 20:45:09 [notice] 37#37: exit
2025/01/06 20:45:09 [notice] 40#40: exiting
2025/01/06 20:45:09 [notice] 41#41: exiting
2025/01/06 20:45:09 [notice] 42#42: exit
2025/01/06 20:45:09 [notice] 38#38: exit
2025/01/06 20:45:09 [notice] 43#43: exiting
2025/01/06 20:45:09 [notice] 39#39: exit
2025/01/06 20:45:09 [notice] 36#36: exit
2025/01/06 20:45:09 [notice] 40#40: exit
2025/01/06 20:45:09 [notice] 41#41: exit
2025/01/06 20:45:09 [notice] 43#43: exit
2025/01/06 20:45:09 [notice] 1#1: signal 17 (SIGCHLD) received from 36
2025/01/06 20:45:09 [notice] 1#1: worker process 36 exited with code 0
2025/01/06 20:45:09 [notice] 1#1: worker process 39 exited with code 0
2025/01/06 20:45:09 [notice] 1#1: worker process 41 exited with code 0
2025/01/06 20:45:09 [notice] 1#1: worker process 42 exited with code 0
2025/01/06 20:45:09 [notice] 1#1: signal 29 (SIGIO) received
2025/01/06 20:45:09 [notice] 1#1: signal 17 (SIGCHLD) received from 39
2025/01/06 20:45:09 [notice] 1#1: signal 17 (SIGCHLD) received from 38
2025/01/06 20:45:09 [notice] 1#1: worker process 37 exited with code 0
2025/01/06 20:45:09 [notice] 1#1: worker process 38 exited with code 0
2025/01/06 20:45:09 [notice] 1#1: worker process 43 exited with code 0
2025/01/06 20:45:09 [notice] 1#1: signal 29 (SIGIO) received
2025/01/06 20:45:09 [notice] 1#1: signal 17 (SIGCHLD) received from 40
2025/01/06 20:45:09 [notice] 1#1: worker process 40 exited with code 0
2025/01/06 20:45:09 [notice] 1#1: exit
2025/01/06 20:45:21 [notice] 1#1: using the "epoll" event method
2025/01/06 20:45:21 [notice] 1#1: nginx/1.27.3
2025/01/06 20:45:21 [notice] 1#1: built by gcc 13.2.1 20240309 (Alpine 13.2.1_git20240309) 
2025/01/06 20:45:21 [notice] 1#1: OS: Linux 5.15.167.4-microsoft-standard-WSL2
2025/01/06 20:45:21 [notice] 1#1: getrlimit(RLIMIT_NOFILE): 1048576:1048576
2025/01/06 20:45:21 [notice] 1#1: start worker processes
2025/01/06 20:45:21 [notice] 1#1: start worker process 35
2025/01/06 20:45:21 [notice] 1#1: start worker process 36
2025/01/06 20:45:21 [notice] 1#1: start worker process 37
2025/01/06 20:45:21 [notice] 1#1: start worker process 38
2025/01/06 20:45:21 [notice] 1#1: start worker process 39
2025/01/06 20:45:21 [notice] 1#1: start worker process 40
2025/01/06 20:45:21 [notice] 1#1: start worker process 41
2025/01/06 20:45:21 [notice] 1#1: start worker process 42
2025/01/06 20:46:21 [notice] 1#1: signal 3 (SIGQUIT) received, shutting down
2025/01/06 20:46:21 [notice] 35#35: gracefully shutting down
2025/01/06 20:46:21 [notice] 36#36: gracefully shutting down
2025/01/06 20:46:21 [notice] 36#36: exiting
2025/01/06 20:46:21 [notice] 39#39: gracefully shutting down
2025/01/06 20:46:21 [notice] 37#37: gracefully shutting down
2025/01/06 20:46:21 [notice] 37#37: exiting
2025/01/06 20:46:21 [notice] 40#40: gracefully shutting down
2025/01/06 20:46:21 [notice] 41#41: gracefully shutting down
2025/01/06 20:46:21 [notice] 38#38: gracefully shutting down
2025/01/06 20:46:21 [notice] 42#42: gracefully shutting down
2025/01/06 20:46:21 [notice] 35#35: exiting
2025/01/06 20:46:21 [notice] 36#36: exit
2025/01/06 20:46:21 [notice] 35#35: exit
2025/01/06 20:46:21 [notice] 39#39: exiting
2025/01/06 20:46:21 [notice] 37#37: exit
2025/01/06 20:46:21 [notice] 40#40: exiting
2025/01/06 20:46:21 [notice] 41#41: exiting
2025/01/06 20:46:21 [notice] 38#38: exiting
2025/01/06 20:46:21 [notice] 42#42: exiting
2025/01/06 20:46:21 [notice] 39#39: exit
2025/01/06 20:46:21 [notice] 40#40: exit
2025/01/06 20:46:21 [notice] 41#41: exit
2025/01/06 20:46:21 [notice] 38#38: exit
2025/01/06 20:46:21 [notice] 42#42: exit
2025/01/06 20:46:21 [notice] 1#1: signal 17 (SIGCHLD) received from 39
2025/01/06 20:46:21 [notice] 1#1: worker process 37 exited with code 0
2025/01/06 20:46:21 [notice] 1#1: worker process 39 exited with code 0
2025/01/06 20:46:21 [notice] 1#1: worker process 40 exited with code 0
2025/01/06 20:46:21 [notice] 1#1: signal 29 (SIGIO) received
2025/01/06 20:46:21 [notice] 1#1: signal 17 (SIGCHLD) received from 37
2025/01/06 20:46:21 [notice] 1#1: signal 17 (SIGCHLD) received from 35
2025/01/06 20:46:21 [notice] 1#1: worker process 35 exited with code 0
2025/01/06 20:46:21 [notice] 1#1: worker process 36 exited with code 0
2025/01/06 20:46:21 [notice] 1#1: worker process 38 exited with code 0
2025/01/06 20:46:21 [notice] 1#1: worker process 41 exited with code 0
2025/01/06 20:46:21 [notice] 1#1: worker process 42 exited with code 0
2025/01/06 20:46:21 [notice] 1#1: exit
2025/01/06 20:46:37 [notice] 1#1: using the "epoll" event method
2025/01/06 20:46:37 [notice] 1#1: nginx/1.27.3
2025/01/06 20:46:37 [notice] 1#1: built by gcc 13.2.1 20240309 (Alpine 13.2.1_git20240309) 
2025/01/06 20:46:37 [notice] 1#1: OS: Linux 5.15.167.4-microsoft-standard-WSL2
2025/01/06 20:46:37 [notice] 1#1: getrlimit(RLIMIT_NOFILE): 1048576:1048576
2025/01/06 20:46:37 [notice] 1#1: start worker processes
2025/01/06 20:46:37 [notice] 1#1: start worker process 36
2025/01/06 20:46:37 [notice] 1#1: start worker process 37
2025/01/06 20:46:37 [notice] 1#1: start worker process 38
2025/01/06 20:46:37 [notice] 1#1: start worker process 39
2025/01/06 20:46:37 [notice] 1#1: start worker process 40
2025/01/06 20:46:37 [notice] 1#1: start worker process 41
2025/01/06 20:46:37 [notice] 1#1: start worker process 42
2025/01/06 20:46:37 [notice] 1#1: start worker process 43
2025/01/06 20:49:13 [notice] 1#1: signal 3 (SIGQUIT) received, shutting down
2025/01/06 20:49:13 [notice] 39#39: gracefully shutting down
2025/01/06 20:49:13 [notice] 40#40: gracefully shutting down
2025/01/06 20:49:13 [notice] 38#38: gracefully shutting down
2025/01/06 20:49:13 [notice] 37#37: gracefully shutting down
2025/01/06 20:49:13 [notice] 41#41: gracefully shutting down
2025/01/06 20:49:13 [notice] 43#43: gracefully shutting down
2025/01/06 20:49:13 [notice] 43#43: exiting
2025/01/06 20:49:13 [notice] 36#36: gracefully shutting down
2025/01/06 20:49:13 [notice] 42#42: gracefully shutting down
2025/01/06 20:49:13 [notice] 42#42: exiting
2025/01/06 20:49:13 [notice] 42#42: exit
2025/01/06 20:49:13 [notice] 39#39: exiting
2025/01/06 20:49:13 [notice] 40#40: exiting
2025/01/06 20:49:13 [notice] 38#38: exiting
2025/01/06 20:49:13 [notice] 40#40: exit
2025/01/06 20:49:13 [notice] 41#41: exiting
2025/01/06 20:49:13 [notice] 37#37: exiting
2025/01/06 20:49:13 [notice] 43#43: exit
2025/01/06 20:49:13 [notice] 36#36: exiting
2025/01/06 20:49:13 [notice] 39#39: exit
2025/01/06 20:49:13 [notice] 38#38: exit
2025/01/06 20:49:13 [notice] 41#41: exit
2025/01/06 20:49:13 [notice] 37#37: exit
2025/01/06 20:49:13 [notice] 36#36: exit
2025/01/06 20:49:13 [notice] 1#1: signal 17 (SIGCHLD) received from 42
2025/01/06 20:49:13 [notice] 1#1: worker process 36 exited with code 0
2025/01/06 20:49:13 [notice] 1#1: worker process 37 exited with code 0
2025/01/06 20:49:13 [notice] 1#1: worker process 41 exited with code 0
2025/01/06 20:49:13 [notice] 1#1: worker process 42 exited with code 0
2025/01/06 20:49:13 [notice] 1#1: worker process 39 exited with code 0
2025/01/06 20:49:13 [notice] 1#1: worker process 43 exited with code 0
2025/01/06 20:49:13 [notice] 1#1: signal 29 (SIGIO) received
2025/01/06 20:49:13 [notice] 1#1: signal 17 (SIGCHLD) received from 36
2025/01/06 20:49:13 [notice] 1#1: signal 17 (SIGCHLD) received from 38
2025/01/06 20:49:13 [notice] 1#1: worker process 38 exited with code 0
2025/01/06 20:49:13 [notice] 1#1: worker process 40 exited with code 0
2025/01/06 20:49:13 [notice] 1#1: exit
2025/01/06 21:23:32 [notice] 1#1: using the "epoll" event method
2025/01/06 21:23:32 [notice] 1#1: nginx/1.27.3
2025/01/06 21:23:32 [notice] 1#1: built by gcc 13.2.1 20240309 (Alpine 13.2.1_git20240309) 
2025/01/06 21:23:32 [notice] 1#1: OS: Linux 5.15.167.4-microsoft-standard-WSL2
2025/01/06 21:23:32 [notice] 1#1: getrlimit(RLIMIT_NOFILE): 1048576:1048576
2025/01/06 21:23:32 [notice] 1#1: start worker processes
2025/01/06 21:23:32 [notice] 1#1: start worker process 36
2025/01/06 21:23:32 [notice] 1#1: start worker process 37
2025/01/06 21:23:32 [notice] 1#1: start worker process 38
2025/01/06 21:23:32 [notice] 1#1: start worker process 39
2025/01/06 21:23:32 [notice] 1#1: start worker process 40
2025/01/06 21:23:32 [notice] 1#1: start worker process 41
2025/01/06 21:23:32 [notice] 1#1: start worker process 42
2025/01/06 21:23:32 [notice] 1#1: start worker process 43
2025/01/06 21:25:53 [notice] 1#1: signal 3 (SIGQUIT) received, shutting down
2025/01/06 21:25:53 [notice] 37#37: gracefully shutting down
2025/01/06 21:25:53 [notice] 38#38: gracefully shutting down
2025/01/06 21:25:53 [notice] 36#36: gracefully shutting down
2025/01/06 21:25:53 [notice] 36#36: exiting
2025/01/06 21:25:53 [notice] 39#39: gracefully shutting down
2025/01/06 21:25:53 [notice] 43#43: gracefully shutting down
2025/01/06 21:25:53 [notice] 40#40: gracefully shutting down
2025/01/06 21:25:53 [notice] 42#42: gracefully shutting down
2025/01/06 21:25:53 [notice] 41#41: gracefully shutting down
2025/01/06 21:25:53 [notice] 37#37: exiting
2025/01/06 21:25:53 [notice] 38#38: exiting
2025/01/06 21:25:53 [notice] 36#36: exit
2025/01/06 21:25:53 [notice] 43#43: exiting
2025/01/06 21:25:53 [notice] 39#39: exiting
2025/01/06 21:25:53 [notice] 40#40: exiting
2025/01/06 21:25:53 [notice] 42#42: exiting
2025/01/06 21:25:53 [notice] 41#41: exiting
2025/01/06 21:25:53 [notice] 37#37: exit
2025/01/06 21:25:53 [notice] 38#38: exit
2025/01/06 21:25:53 [notice] 43#43: exit
2025/01/06 21:25:53 [notice] 39#39: exit
2025/01/06 21:25:53 [notice] 40#40: exit
2025/01/06 21:25:53 [notice] 41#41: exit
2025/01/06 21:25:53 [notice] 42#42: exit
2025/01/06 21:25:53 [notice] 1#1: signal 17 (SIGCHLD) received from 36
2025/01/06 21:25:53 [notice] 1#1: worker process 36 exited with code 0
2025/01/06 21:25:53 [notice] 1#1: worker process 39 exited with code 0
2025/01/06 21:25:53 [notice] 1#1: signal 29 (SIGIO) received
2025/01/06 21:25:53 [notice] 1#1: signal 17 (SIGCHLD) received from 40
2025/01/06 21:25:53 [notice] 1#1: worker process 40 exited with code 0
2025/01/06 21:25:53 [notice] 1#1: signal 29 (SIGIO) received
2025/01/06 21:25:53 [notice] 1#1: signal 17 (SIGCHLD) received from 37
2025/01/06 21:25:53 [notice] 1#1: worker process 37 exited with code 0
2025/01/06 21:25:53 [notice] 1#1: worker process 38 exited with code 0
2025/01/06 21:25:53 [notice] 1#1: worker process 43 exited with code 0
2025/01/06 21:25:53 [notice] 1#1: signal 29 (SIGIO) received
2025/01/06 21:25:53 [notice] 1#1: signal 17 (SIGCHLD) received from 42
2025/01/06 21:25:53 [notice] 1#1: worker process 42 exited with code 0
2025/01/06 21:25:53 [notice] 1#1: signal 29 (SIGIO) received
2025/01/06 21:25:53 [notice] 1#1: signal 17 (SIGCHLD) received from 41
2025/01/06 21:25:53 [notice] 1#1: worker process 41 exited with code 0
2025/01/06 21:25:53 [notice] 1#1: exit
2025/01/06 21:25:58 [notice] 1#1: using the "epoll" event method
2025/01/06 21:25:58 [notice] 1#1: nginx/1.27.3
2025/01/06 21:25:58 [notice] 1#1: built by gcc 13.2.1 20240309 (Alpine 13.2.1_git20240309) 
2025/01/06 21:25:58 [notice] 1#1: OS: Linux 5.15.167.4-microsoft-standard-WSL2
2025/01/06 21:25:58 [notice] 1#1: getrlimit(RLIMIT_NOFILE): 1048576:1048576
2025/01/06 21:25:58 [notice] 1#1: start worker processes
2025/01/06 21:25:58 [notice] 1#1: start worker process 36
2025/01/06 21:25:58 [notice] 1#1: start worker process 37
2025/01/06 21:25:58 [notice] 1#1: start worker process 38
2025/01/06 21:25:58 [notice] 1#1: start worker process 39
2025/01/06 21:25:58 [notice] 1#1: start worker process 40
2025/01/06 21:25:58 [notice] 1#1: start worker process 41
2025/01/06 21:25:58 [notice] 1#1: start worker process 42
2025/01/06 21:25:58 [notice] 1#1: start worker process 43
2025/01/06 21:30:42 [notice] 1#1: signal 3 (SIGQUIT) received, shutting down
2025/01/06 21:30:42 [notice] 37#37: gracefully shutting down
2025/01/06 21:30:42 [notice] 42#42: gracefully shutting down
2025/01/06 21:30:42 [notice] 38#38: gracefully shutting down
2025/01/06 21:30:42 [notice] 40#40: gracefully shutting down
2025/01/06 21:30:42 [notice] 39#39: gracefully shutting down
2025/01/06 21:30:42 [notice] 41#41: gracefully shutting down
2025/01/06 21:30:42 [notice] 36#36: gracefully shutting down
2025/01/06 21:30:42 [notice] 43#43: gracefully shutting down
2025/01/06 21:30:42 [notice] 37#37: exiting
2025/01/06 21:30:42 [notice] 42#42: exiting
2025/01/06 21:30:42 [notice] 38#38: exiting
2025/01/06 21:30:42 [notice] 40#40: exiting
2025/01/06 21:30:42 [notice] 39#39: exiting
2025/01/06 21:30:42 [notice] 41#41: exiting
2025/01/06 21:30:42 [notice] 36#36: exiting
2025/01/06 21:30:42 [notice] 43#43: exiting
2025/01/06 21:30:42 [notice] 37#37: exit
2025/01/06 21:30:42 [notice] 42#42: exit
2025/01/06 21:30:42 [notice] 38#38: exit
2025/01/06 21:30:42 [notice] 40#40: exit
2025/01/06 21:30:42 [notice] 39#39: exit
2025/01/06 21:30:42 [notice] 41#41: exit
2025/01/06 21:30:42 [notice] 36#36: exit
2025/01/06 21:30:42 [notice] 43#43: exit
2025/01/06 21:30:42 [notice] 1#1: signal 17 (SIGCHLD) received from 40
2025/01/06 21:30:42 [notice] 1#1: worker process 36 exited with code 0
2025/01/06 21:30:42 [notice] 1#1: worker process 37 exited with code 0
2025/01/06 21:30:42 [notice] 1#1: worker process 38 exited with code 0
2025/01/06 21:30:42 [notice] 1#1: worker process 40 exited with code 0
2025/01/06 21:30:42 [notice] 1#1: worker process 41 exited with code 0
2025/01/06 21:30:42 [notice] 1#1: worker process 42 exited with code 0
2025/01/06 21:30:42 [notice] 1#1: worker process 43 exited with code 0
2025/01/06 21:30:42 [notice] 1#1: signal 29 (SIGIO) received
2025/01/06 21:30:42 [notice] 1#1: signal 17 (SIGCHLD) received from 37
2025/01/06 21:30:42 [notice] 1#1: signal 17 (SIGCHLD) received from 39
2025/01/06 21:30:42 [notice] 1#1: worker process 39 exited with code 0
2025/01/06 21:30:42 [notice] 1#1: exit
2025/01/06 21:46:19 [notice] 1#1: using the "epoll" event method
2025/01/06 21:46:19 [notice] 1#1: nginx/1.27.3
2025/01/06 21:46:19 [notice] 1#1: built by gcc 13.2.1 20240309 (Alpine 13.2.1_git20240309) 
2025/01/06 21:46:19 [notice] 1#1: OS: Linux 6.8.0-51-generic
2025/01/06 21:46:19 [notice] 1#1: getrlimit(RLIMIT_NOFILE): 1048576:1048576
2025/01/06 21:46:19 [notice] 1#1: start worker processes
2025/01/06 21:46:19 [notice] 1#1: start worker process 36
2025/01/06 21:46:19 [notice] 1#1: start worker process 37
2025/01/06 21:46:19 [notice] 1#1: start worker process 38
2025/01/06 21:46:19 [notice] 1#1: start worker process 39
2025/01/06 21:46:19 [notice] 1#1: start worker process 40
2025/01/06 21:46:19 [notice] 1#1: start worker process 41
2025/01/06 21:46:19 [notice] 1#1: start worker process 42
2025/01/06 21:46:19 [notice] 1#1: start worker process 43
2025/01/06 21:46:19 [notice] 1#1: start worker process 44
2025/01/06 21:46:19 [notice] 1#1: start worker process 45
2025/01/06 21:46:19 [notice] 1#1: start worker process 46
2025/01/06 21:46:19 [notice] 1#1: start worker process 47
2025/01/06 21:46:19 [notice] 1#1: start worker process 48
2025/01/06 21:46:19 [notice] 1#1: start worker process 49
2025/01/06 21:46:19 [notice] 1#1: start worker process 50
2025/01/06 21:46:19 [notice] 1#1: start worker process 51
2025/01/06 21:46:19 [notice] 1#1: start worker process 52
2025/01/06 21:46:19 [notice] 1#1: start worker process 53
2025/01/06 21:46:19 [notice] 1#1: start worker process 54
2025/01/06 21:46:19 [notice] 1#1: start worker process 55
2025/01/06 21:46:19 [notice] 1#1: start worker process 56
2025/01/06 21:46:19 [notice] 1#1: start worker process 57
2025/01/06 21:46:19 [notice] 1#1: start worker process 58
2025/01/06 21:46:19 [notice] 1#1: start worker process 59
2025/01/06 21:46:19 [notice] 1#1: start worker process 60
2025/01/06 21:46:19 [notice] 1#1: start worker process 61
2025/01/06 21:46:19 [notice] 1#1: start worker process 62
2025/01/06 21:46:19 [notice] 1#1: start worker process 63
2025/01/06 21:46:19 [notice] 1#1: start worker process 64
2025/01/06 21:46:19 [notice] 1#1: start worker process 65
2025/01/06 21:46:19 [notice] 1#1: start worker process 66
2025/01/06 21:46:19 [notice] 1#1: start worker process 67
2025/01/06 22:02:38 [error] 36#36: *1 directory index of "/var/www/html/" is forbidden, client: 172.18.0.1, server: yasnachap.ir, request: "GET / HTTP/1.0", host: "yasnachap.ir", referrer: "https://www.google.com/"
2025/01/06 22:02:50 [error] 38#38: *3 directory index of "/var/www/html/" is forbidden, client: 172.18.0.1, server: yasnachap.ir, request: "GET / HTTP/1.0", host: "yasnachap.ir", referrer: "https://www.google.com/"
2025/01/06 22:02:52 [error] 39#39: *4 directory index of "/var/www/html/" is forbidden, client: 172.18.0.1, server: yasnachap.ir, request: "GET / HTTP/1.0", host: "yasnachap.ir", referrer: "https://www.google.com/"
2025/01/06 22:13:19 [error] 36#36: *57 connect() failed (113: Host is unreachable) while connecting to upstream, client: 172.18.0.1, server: yasnachap.ir, request: "GET / HTTP/1.0", upstream: "fastcgi://172.18.0.3:9000", host: "yasnachap.ir"
2025/01/06 22:13:19 [error] 67#67: *55 connect() failed (113: Host is unreachable) while connecting to upstream, client: 172.18.0.1, server: yasnachap.ir, request: "GET /what-satin-lx-fabric/ HTTP/1.0", upstream: "fastcgi://172.18.0.3:9000", host: "yasnachap.ir", referrer: "https://www.google.com/"
2025/01/06 22:13:22 [error] 36#36: *59 connect() failed (113: Host is unreachable) while connecting to upstream, client: 172.18.0.1, server: yasnachap.ir, request: "GET /favicon.ico HTTP/1.0", upstream: "fastcgi://172.18.0.3:9000", host: "yasnachap.ir", referrer: "https://yasnachap.ir/what-satin-lx-fabric/"
2025/01/06 22:14:30 [error] 36#36: *61 connect() failed (113: Host is unreachable) while connecting to upstream, client: 172.18.0.1, server: yasnachap.ir, request: "GET / HTTP/1.0", upstream: "fastcgi://172.18.0.3:9000", host: "yasnachap.ir"
2025/01/06 22:14:38 [error] 36#36: *63 connect() failed (113: Host is unreachable) while connecting to upstream, client: 172.18.0.1, server: yasnachap.ir, request: "GET / HTTP/1.0", upstream: "fastcgi://172.18.0.3:9000", host: "yasnachap.ir"
2025/01/06 22:15:36 [error] 36#36: *65 connect() failed (113: Host is unreachable) while connecting to upstream, client: 172.18.0.1, server: yasnachap.ir, request: "GET / HTTP/1.0", upstream: "fastcgi://172.18.0.3:9000", host: "yasnachap.ir"
2025/01/06 22:16:48 [error] 36#36: *67 connect() failed (113: Host is unreachable) while connecting to upstream, client: 172.18.0.1, server: yasnachap.ir, request: "GET / HTTP/1.0", upstream: "fastcgi://172.18.0.3:9000", host: "yasnachap.ir"
2025/01/06 22:16:55 [error] 36#36: *69 connect() failed (113: Host is unreachable) while connecting to upstream, client: 172.18.0.1, server: yasnachap.ir, request: "GET / HTTP/1.0", upstream: "fastcgi://172.18.0.3:9000", host: "yasnachap.ir"
2025/01/06 22:17:00 [error] 36#36: *71 connect() failed (113: Host is unreachable) while connecting to upstream, client: 172.18.0.1, server: yasnachap.ir, request: "GET / HTTP/1.0", upstream: "fastcgi://172.18.0.3:9000", host: "yasnachap.ir"
2025/01/06 22:17:31 [error] 36#36: *73 connect() failed (113: Host is unreachable) while connecting to upstream, client: 172.18.0.1, server: yasnachap.ir, request: "POST /wp-login.php HTTP/1.0", upstream: "fastcgi://172.18.0.3:9000", host: "yasnachap.ir"
2025/01/06 22:17:48 [error] 36#36: *75 connect() failed (113: Host is unreachable) while connecting to upstream, client: 172.18.0.1, server: yasnachap.ir, request: "POST /wp-login.php HTTP/1.0", upstream: "fastcgi://172.18.0.3:9000", host: "yasnachap.ir"
2025/01/06 22:18:12 [error] 36#36: *77 connect() failed (113: Host is unreachable) while connecting to upstream, client: 172.18.0.1, server: yasnachap.ir, request: "GET /?fbclid=PAAaaJPFe4ZLzZHvH1Z1sMgO7IP_iIEI-yU-sNF9NFps48E-Y19OmQoRzTcuA_aem_AQz4lwODPk65OgDKUvAAkuKrVVXrqkV35SHwlbTBnEDOuLC6LL7R2aACSY-MYdWYh-M HTTP/1.0", upstream: "fastcgi://172.18.0.3:9000", host: "yasnachap.ir"
2025/01/06 22:18:16 [error] 36#36: *79 connect() failed (113: Host is unreachable) while connecting to upstream, client: 172.18.0.1, server: yasnachap.ir, request: "GET /index.php HTTP/1.0", upstream: "fastcgi://172.18.0.3:9000", host: "yasnachap.ir"
2025/01/06 22:18:16 [error] 36#36: *81 connect() failed (113: Host is unreachable) while connecting to upstream, client: 172.18.0.1, server: yasnachap.ir, request: "GET /?fbclid=PAAaaJPFe4ZLzZHvH1Z1sMgO7IP_iIEI-yU-sNF9NFps48E-Y19OmQoRzTcuA_aem_AQz4lwODPk65OgDKUvAAkuKrVVXrqkV35SHwlbTBnEDOuLC6LL7R2aACSY-MYdWYh-M HTTP/1.0", upstream: "fastcgi://172.18.0.3:9000", host: "yasnachap.ir"
2025/01/06 22:18:22 [error] 36#36: *83 connect() failed (113: Host is unreachable) while connecting to upstream, client: 172.18.0.1, server: yasnachap.ir, request: "GET /index.php HTTP/1.0", upstream: "fastcgi://172.18.0.3:9000", host: "yasnachap.ir"
2025/01/06 22:18:22 [error] 36#36: *85 connect() failed (113: Host is unreachable) while connecting to upstream, client: 172.18.0.1, server: yasnachap.ir, request: "GET /?fbclid=PAAaaJPFe4ZLzZHvH1Z1sMgO7IP_iIEI-yU-sNF9NFps48E-Y19OmQoRzTcuA_aem_AQz4lwODPk65OgDKUvAAkuKrVVXrqkV35SHwlbTBnEDOuLC6LL7R2aACSY-MYdWYh-M HTTP/1.0", upstream: "fastcgi://172.18.0.3:9000", host: "yasnachap.ir"
2025/01/06 22:18:51 [error] 36#36: *87 connect() failed (113: Host is unreachable) while connecting to upstream, client: 172.18.0.1, server: yasnachap.ir, request: "GET /index.php HTTP/1.0", upstream: "fastcgi://172.18.0.3:9000", host: "yasnachap.ir"
2025/01/06 22:19:07 [error] 37#37: *89 connect() failed (113: Host is unreachable) while connecting to upstream, client: 172.18.0.1, server: yasnachap.ir, request: "GET /index.php HTTP/1.0", upstream: "fastcgi://172.18.0.3:9000", host: "yasnachap.ir"
2025/01/06 22:19:14 [error] 37#37: *91 connect() failed (113: Host is unreachable) while connecting to upstream, client: 172.18.0.1, server: yasnachap.ir, request: "GET /index.php HTTP/1.0", upstream: "fastcgi://172.18.0.3:9000", host: "yasnachap.ir"
2025/01/06 22:20:04 [error] 37#37: *93 connect() failed (113: Host is unreachable) while connecting to upstream, client: 172.18.0.1, server: yasnachap.ir, request: "GET / HTTP/1.1", upstream: "fastcgi://172.18.0.3:9000", host: "localhost:71"
2025/01/06 22:20:15 [error] 37#37: *95 connect() failed (113: Host is unreachable) while connecting to upstream, client: 172.18.0.1, server: yasnachap.ir, request: "GET /index.php HTTP/1.1", upstream: "fastcgi://172.18.0.3:9000", host: "localhost:71"
